<?xml version="1.0" encoding="UTF-8"?>
<!-- Generated by org.testng.reporters.JUnitXMLReporter -->
<testsuite hostname="LAPTOP-UOJNOK0D" ignored="0" name="NegativeTest" tests="1" failures="1" timestamp="2022-05-08T15:23:22 CDT" time="0.034" errors="0">
  <testcase name="negativeLoginTest" time="0.0" classname="com.herokuapp.theinternet.NegativeTest">
    <failure type="org.testng.TestNGException" message="
Parameter &amp;apos;username&amp;apos; is required by @Test on method negativeLoginTest but has not been marked @Optional or defined
in C:\Users\Sameera Sherwani\eclipse-workspace\selenium-for-beginners\src\test\resources\TestSuites\AllTests.xml">
      <![CDATA[org.testng.TestNGException: 
Parameter 'username' is required by @Test on method negativeLoginTest but has not been marked @Optional or defined
in C:\Users\Sameera Sherwani\eclipse-workspace\selenium-for-beginners\src\test\resources\TestSuites\AllTests.xml
at java.util.ArrayList.forEach(ArrayList.java:1257)
... Removed 30 stack frames]]>
    </failure>
  </testcase> <!-- negativeLoginTest -->
</testsuite> <!-- NegativeTest -->
